#
# There is insufficient memory for the Java Runtime Environment to continue.
# Native memory allocation (malloc) failed to allocate 65552 bytes for Chunk::new
# Possible reasons:
#   The system is out of physical RAM or swap space
#   The process is running with CompressedOops enabled, and the Java Heap may be blocking the growth of the native heap
# Possible solutions:
#   Reduce memory load on the system
#   Increase physical memory or swap space
#   Check if swap backing store is full
#   Decrease Java heap size (-Xmx/-Xms)
#   Decrease number of Java threads
#   Decrease Java thread stack sizes (-Xss)
#   Set larger code cache with -XX:ReservedCodeCacheSize=
#   JVM is running with Unscaled Compressed Oops mode in which the Java heap is
#     placed in the first 4GB address space. The Java Heap base address is the
#     maximum limit for the native heap growth. Please use -XX:HeapBaseMinAddress
#     to set the Java Heap base and to place the Java Heap above 4GB virtual address.
# This output file may be truncated or incomplete.
#
#  Out of Memory Error (arena.cpp:184), pid=15452, tid=34968
#
# JRE version: Java(TM) SE Runtime Environment (19.0.2+7) (build 19.0.2+7-44)
# Java VM: Java HotSpot(TM) 64-Bit Server VM (19.0.2+7-44, mixed mode, sharing, tiered, compressed oops, compressed class ptrs, g1 gc, windows-amd64)
# No core dump will be written. Minidumps are not enabled by default on client versions of Windows
#

---------------  S U M M A R Y ------------

Command Line: -Dfile.encoding=UTF-8 -Dstdout.encoding=UTF-8 -Dstderr.encoding=UTF-8 -XX:+ShowCodeDetailsInExceptionMessages UpdatedDropdown

Host: Intel(R) Core(TM) i5-10210U CPU @ 1.60GHz, 8 cores, 7G,  Windows 11 , 64 bit Build 22621 (10.0.22621.2506)
Time: Fri Jan 26 20:41:49 2024 India Standard Time elapsed time: 5.439548 seconds (0d 0h 0m 5s)

---------------  T H R E A D  ---------------

Current thread (0x00000252db31f5e0):  JavaThread "C2 CompilerThread0" daemon [_thread_in_native, id=34968, stack(0x000000c8a3200000,0x000000c8a3300000)]


Current CompileTask:
C2:   5439 1999       4       java.lang.invoke.MethodType::methodType (69 bytes)

Stack: [0x000000c8a3200000,0x000000c8a3300000]
Native frames: (J=compiled Java code, j=interpreted, Vv=VM code, C=native code)
V  [jvm.dll+0x6ee21a]
V  [jvm.dll+0x85765e]
V  [jvm.dll+0x85904e]
V  [jvm.dll+0x859703]
V  [jvm.dll+0x28298f]
V  [jvm.dll+0xc9adf]
V  [jvm.dll+0xc9e65]
V  [jvm.dll+0xc9c04]
V  [jvm.dll+0x74305c]
V  [jvm.dll+0x5fb137]
V  [jvm.dll+0x5f814c]
V  [jvm.dll+0x5f2fe4]
V  [jvm.dll+0x5f3084]
V  [jvm.dll+0x5f0976]
V  [jvm.dll+0x255483]
V  [jvm.dll+0x24da11]
V  [jvm.dll+0x24b673]
V  [jvm.dll+0x1d6ce1]
V  [jvm.dll+0x25b25a]
V  [jvm.dll+0x2596e8]
V  [jvm.dll+0x807588]
V  [jvm.dll+0x80125a]
V  [jvm.dll+0x6ecf0b]
C  [ucrtbase.dll+0x29363]
C  [KERNEL32.DLL+0x1257d]
C  [ntdll.dll+0x5aa58]


---------------  P R O C E S S  ---------------

Threads class SMR info:
_java_thread_list=0x00000252e0613220, length=26, elements={
0x00000252db3179d0, 0x00000252db3196b0, 0x00000252db31a600, 0x00000252db31b130,
0x00000252db31dd10, 0x00000252db31e980, 0x00000252db31f5e0, 0x00000252db334ed0,
0x00000252db3419f0, 0x00000252df5f4bc0, 0x00000252df5fd840, 0x00000252dfa06510,
0x00000252dfaa8cb0, 0x00000252dfb75ae0, 0x00000252dfbaa660, 0x00000252dfba0460,
0x00000252e00fded0, 0x00000252e00fea30, 0x00000252e0543be0, 0x00000252e0543690,
0x00000252e0544130, 0x00000252e0544680, 0x00000252e0545120, 0x00000252e0545670,
0x00000252e0545bc0, 0x00000252e0546110
}

Java Threads: ( => current thread )
  0x00000252db3179d0 JavaThread "Reference Handler" daemon [_thread_blocked, id=36420, stack(0x000000c8a2c00000,0x000000c8a2d00000)]
  0x00000252db3196b0 JavaThread "Finalizer" daemon [_thread_blocked, id=29616, stack(0x000000c8a2d00000,0x000000c8a2e00000)]
  0x00000252db31a600 JavaThread "Signal Dispatcher" daemon [_thread_blocked, id=14944, stack(0x000000c8a2e00000,0x000000c8a2f00000)]
  0x00000252db31b130 JavaThread "Attach Listener" daemon [_thread_blocked, id=34208, stack(0x000000c8a2f00000,0x000000c8a3000000)]
  0x00000252db31dd10 JavaThread "Service Thread" daemon [_thread_blocked, id=952, stack(0x000000c8a3000000,0x000000c8a3100000)]
  0x00000252db31e980 JavaThread "Monitor Deflation Thread" daemon [_thread_blocked, id=10652, stack(0x000000c8a3100000,0x000000c8a3200000)]
=>0x00000252db31f5e0 JavaThread "C2 CompilerThread0" daemon [_thread_in_native, id=34968, stack(0x000000c8a3200000,0x000000c8a3300000)]
  0x00000252db334ed0 JavaThread "C1 CompilerThread0" daemon [_thread_blocked, id=3996, stack(0x000000c8a3300000,0x000000c8a3400000)]
  0x00000252db3419f0 JavaThread "Sweeper thread" daemon [_thread_blocked, id=26508, stack(0x000000c8a3400000,0x000000c8a3500000)]
  0x00000252df5f4bc0 JavaThread "Notification Thread" daemon [_thread_blocked, id=16456, stack(0x000000c8a3500000,0x000000c8a3600000)]
  0x00000252df5fd840 JavaThread "Common-Cleaner" daemon [_thread_blocked, id=34724, stack(0x000000c8a3700000,0x000000c8a3800000)]
  0x00000252dfa06510 JavaThread "ForkJoinPool.commonPool-worker-1" daemon [_thread_blocked, id=35284, stack(0x000000c8a3800000,0x000000c8a3900000)]
  0x00000252dfaa8cb0 JavaThread "HttpClient-1-SelectorManager" daemon [_thread_in_native, id=35844, stack(0x000000c8a3900000,0x000000c8a3a00000)]
  0x00000252dfb75ae0 JavaThread "Thread-2" [_thread_in_native, id=26668, stack(0x000000c8a3a00000,0x000000c8a3b00000)]
  0x00000252dfbaa660 JavaThread "Driver Service Executor" daemon [_thread_blocked, id=14644, stack(0x000000c8a3b00000,0x000000c8a3c00000)]
  0x00000252dfba0460 JavaThread "Driver Service Executor" daemon [_thread_in_native, id=35972, stack(0x000000c8a3c00000,0x000000c8a3d00000)]
  0x00000252e00fded0 JavaThread "UrlChecker-2" daemon [_thread_blocked, id=31096, stack(0x000000c8a3d00000,0x000000c8a3e00000)]
  0x00000252e00fea30 JavaThread "Keep-Alive-Timer" daemon [_thread_blocked, id=33288, stack(0x000000c8a3f00000,0x000000c8a4000000)]
  0x00000252e0543be0 JavaThread "pool-1-thread-1" [_thread_blocked, id=34040, stack(0x000000c8a4700000,0x000000c8a4800000)]
  0x00000252e0543690 JavaThread "pool-1-thread-2" [_thread_blocked, id=34952, stack(0x000000c8a4800000,0x000000c8a4900000)]
  0x00000252e0544130 JavaThread "pool-1-thread-3" [_thread_blocked, id=35884, stack(0x000000c8a4900000,0x000000c8a4a00000)]
  0x00000252e0544680 JavaThread "HttpClient-2-SelectorManager" daemon [_thread_in_native, id=26032, stack(0x000000c8a4a00000,0x000000c8a4b00000)]
  0x00000252e0545120 JavaThread "pool-2-thread-1" [_thread_blocked, id=26280, stack(0x000000c8a4b00000,0x000000c8a4c00000)]
  0x00000252e0545670 JavaThread "pool-2-thread-2" [_thread_blocked, id=27492, stack(0x000000c8a4c00000,0x000000c8a4d00000)]
  0x00000252e0545bc0 JavaThread "pool-2-thread-3" [_thread_blocked, id=30120, stack(0x000000c8a4d00000,0x000000c8a4e00000)]
  0x00000252e0546110 JavaThread "DestroyJavaVM" [_thread_blocked, id=28132, stack(0x000000c8a2500000,0x000000c8a2600000)]

Other Threads:
  0x00000252db300f20 VMThread "VM Thread" [stack: 0x000000c8a2b00000,0x000000c8a2c00000] [id=27916]
  0x00000252df5f8750 WatcherThread "VM Periodic Task Thread" [stack: 0x000000c8a3600000,0x000000c8a3700000] [id=22856]
  0x00000252bcc6f2c0 WorkerThread "GC Thread#0" [stack: 0x000000c8a2600000,0x000000c8a2700000] [id=31004]
  0x00000252dfcfb9a0 WorkerThread "GC Thread#1" [stack: 0x000000c8a4000000,0x000000c8a4100000] [id=33012]
  0x00000252dfcfbc70 WorkerThread "GC Thread#2" [stack: 0x000000c8a4100000,0x000000c8a4200000] [id=11016]
  0x00000252dfcfbf40 WorkerThread "GC Thread#3" [stack: 0x000000c8a4200000,0x000000c8a4300000] [id=15732]
  0x00000252e04ae110 WorkerThread "GC Thread#4" [stack: 0x000000c8a4300000,0x000000c8a4400000] [id=12544]
  0x00000252e04aebf0 WorkerThread "GC Thread#5" [stack: 0x000000c8a4400000,0x000000c8a4500000] [id=32260]
  0x00000252e04afa50 WorkerThread "GC Thread#6" [stack: 0x000000c8a4500000,0x000000c8a4600000] [id=35472]
  0x00000252e04b0b30 WorkerThread "GC Thread#7" [stack: 0x000000c8a4600000,0x000000c8a4700000] [id=29236]
  0x00000252bcc7fba0 ConcurrentGCThread "G1 Main Marker" [stack: 0x000000c8a2700000,0x000000c8a2800000] [id=14748]
  0x00000252bcc80f10 WorkerThread "G1 Conc#0" [stack: 0x000000c8a2800000,0x000000c8a2900000] [id=32248]
  0x00000252db1b5560 ConcurrentGCThread "G1 Refine#0" [stack: 0x000000c8a2900000,0x000000c8a2a00000] [id=35680]
  0x00000252db1b60a0 ConcurrentGCThread "G1 Service" [stack: 0x000000c8a2a00000,0x000000c8a2b00000] [id=28568]

Threads with active compile tasks:
C2 CompilerThread0     5461 1999       4       java.lang.invoke.MethodType::methodType (69 bytes)

VM state: not at safepoint (normal execution)

VM Mutex/Monitor currently owned by a thread: None

Heap address: 0x0000000083400000, size: 1996 MB, Compressed Oops mode: 32-bit

CDS archive(s) mapped at: [0x0000000800000000-0x0000000800c40000-0x0000000800c40000), size 12845056, SharedBaseAddress: 0x0000000800000000, ArchiveRelocationMode: 0.
Compressed class space mapped at: 0x0000000801000000-0x0000000841000000, reserved size: 1073741824
Narrow klass base: 0x0000000800000000, Narrow klass shift: 0, Narrow klass range: 0x100000000

GC Precious Log:
 CardTable entry size: 512
 Card Set container configuration: InlinePtr #cards 5 size 8 Array Of Cards #cards 12 size 40 Howl #buckets 4 coarsen threshold 1843 Howl Bitmap #cards 512 size 80 coarsen threshold 460 Card regions per heap region 1 cards per card region 2048
 CPUs: 8 total, 8 available
 Memory: 7977M
 Large Page Support: Disabled
 NUMA Support: Disabled
 Compressed Oops: Enabled (32-bit)
 Heap Region Size: 1M
 Heap Min Capacity: 8M
 Heap Initial Capacity: 126M
 Heap Max Capacity: 1996M
 Pre-touch: Disabled
 Parallel Workers: 8
 Concurrent Workers: 2
 Concurrent Refinement Workers: 8
 Periodic GC: Disabled

Heap:
 garbage-first heap   total 129024K, used 19572K [0x0000000083400000, 0x0000000100000000)
  region size 1024K, 19 young (19456K), 3 survivors (3072K)
 Metaspace       used 13820K, committed 14080K, reserved 1114112K
  class space    used 1628K, committed 1728K, reserved 1048576K

Heap Regions: E=young(eden), S=young(survivor), O=old, HS=humongous(starts), HC=humongous(continues), CS=collection set, F=free, OA=open archive, CA=closed archive, TAMS=top-at-mark-start (previous, next)
|   0|0x0000000083400000, 0x0000000083500000, 0x0000000083500000|100%| O|  |TAMS 0x0000000083400000, 0x0000000083400000| Untracked 
|   1|0x0000000083500000, 0x0000000083600000, 0x0000000083600000|100%| O|  |TAMS 0x0000000083500000, 0x0000000083500000| Untracked 
|   2|0x0000000083600000, 0x000000008361d200, 0x0000000083700000| 11%| O|  |TAMS 0x0000000083600000, 0x0000000083600000| Untracked 
|   3|0x0000000083700000, 0x0000000083700000, 0x0000000083800000|  0%| F|  |TAMS 0x0000000083700000, 0x0000000083700000| Untracked 
|   4|0x0000000083800000, 0x0000000083800000, 0x0000000083900000|  0%| F|  |TAMS 0x0000000083800000, 0x0000000083800000| Untracked 
|   5|0x0000000083900000, 0x0000000083900000, 0x0000000083a00000|  0%| F|  |TAMS 0x0000000083900000, 0x0000000083900000| Untracked 
|   6|0x0000000083a00000, 0x0000000083a00000, 0x0000000083b00000|  0%| F|  |TAMS 0x0000000083a00000, 0x0000000083a00000| Untracked 
|   7|0x0000000083b00000, 0x0000000083b00000, 0x0000000083c00000|  0%| F|  |TAMS 0x0000000083b00000, 0x0000000083b00000| Untracked 
|   8|0x0000000083c00000, 0x0000000083c00000, 0x0000000083d00000|  0%| F|  |TAMS 0x0000000083c00000, 0x0000000083c00000| Untracked 
|   9|0x0000000083d00000, 0x0000000083d00000, 0x0000000083e00000|  0%| F|  |TAMS 0x0000000083d00000, 0x0000000083d00000| Untracked 
|  10|0x0000000083e00000, 0x0000000083e00000, 0x0000000083f00000|  0%| F|  |TAMS 0x0000000083e00000, 0x0000000083e00000| Untracked 
|  11|0x0000000083f00000, 0x0000000083f00000, 0x0000000084000000|  0%| F|  |TAMS 0x0000000083f00000, 0x0000000083f00000| Untracked 
|  12|0x0000000084000000, 0x0000000084000000, 0x0000000084100000|  0%| F|  |TAMS 0x0000000084000000, 0x0000000084000000| Untracked 
|  13|0x0000000084100000, 0x0000000084100000, 0x0000000084200000|  0%| F|  |TAMS 0x0000000084100000, 0x0000000084100000| Untracked 
|  14|0x0000000084200000, 0x0000000084200000, 0x0000000084300000|  0%| F|  |TAMS 0x0000000084200000, 0x0000000084200000| Untracked 
|  15|0x0000000084300000, 0x0000000084300000, 0x0000000084400000|  0%| F|  |TAMS 0x0000000084300000, 0x0000000084300000| Untracked 
|  16|0x0000000084400000, 0x0000000084400000, 0x0000000084500000|  0%| F|  |TAMS 0x0000000084400000, 0x0000000084400000| Untracked 
|  17|0x0000000084500000, 0x0000000084500000, 0x0000000084600000|  0%| F|  |TAMS 0x0000000084500000, 0x0000000084500000| Untracked 
|  18|0x0000000084600000, 0x0000000084600000, 0x0000000084700000|  0%| F|  |TAMS 0x0000000084600000, 0x0000000084600000| Untracked 
|  19|0x0000000084700000, 0x0000000084700000, 0x0000000084800000|  0%| F|  |TAMS 0x0000000084700000, 0x0000000084700000| Untracked 
|  20|0x0000000084800000, 0x0000000084800000, 0x0000000084900000|  0%| F|  |TAMS 0x0000000084800000, 0x0000000084800000| Untracked 
|  21|0x0000000084900000, 0x0000000084900000, 0x0000000084a00000|  0%| F|  |TAMS 0x0000000084900000, 0x0000000084900000| Untracked 
|  22|0x0000000084a00000, 0x0000000084a00000, 0x0000000084b00000|  0%| F|  |TAMS 0x0000000084a00000, 0x0000000084a00000| Untracked 
|  23|0x0000000084b00000, 0x0000000084b00000, 0x0000000084c00000|  0%| F|  |TAMS 0x0000000084b00000, 0x0000000084b00000| Untracked 
|  24|0x0000000084c00000, 0x0000000084c00000, 0x0000000084d00000|  0%| F|  |TAMS 0x0000000084c00000, 0x0000000084c00000| Untracked 
|  25|0x0000000084d00000, 0x0000000084d00000, 0x0000000084e00000|  0%| F|  |TAMS 0x0000000084d00000, 0x0000000084d00000| Untracked 
|  26|0x0000000084e00000, 0x0000000084e00000, 0x0000000084f00000|  0%| F|  |TAMS 0x0000000084e00000, 0x0000000084e00000| Untracked 
|  27|0x0000000084f00000, 0x0000000084f00000, 0x0000000085000000|  0%| F|  |TAMS 0x0000000084f00000, 0x0000000084f00000| Untracked 
|  28|0x0000000085000000, 0x0000000085000000, 0x0000000085100000|  0%| F|  |TAMS 0x0000000085000000, 0x0000000085000000| Untracked 
|  29|0x0000000085100000, 0x0000000085100000, 0x0000000085200000|  0%| F|  |TAMS 0x0000000085100000, 0x0000000085100000| Untracked 
|  30|0x0000000085200000, 0x0000000085200000, 0x0000000085300000|  0%| F|  |TAMS 0x0000000085200000, 0x0000000085200000| Untracked 
|  31|0x0000000085300000, 0x0000000085300000, 0x0000000085400000|  0%| F|  |TAMS 0x0000000085300000, 0x0000000085300000| Untracked 
|  32|0x0000000085400000, 0x0000000085400000, 0x0000000085500000|  0%| F|  |TAMS 0x0000000085400000, 0x0000000085400000| Untracked 
|  33|0x0000000085500000, 0x0000000085500000, 0x0000000085600000|  0%| F|  |TAMS 0x0000000085500000, 0x0000000085500000| Untracked 
|  34|0x0000000085600000, 0x0000000085600000, 0x0000000085700000|  0%| F|  |TAMS 0x0000000085600000, 0x0000000085600000| Untracked 
|  35|0x0000000085700000, 0x0000000085700000, 0x0000000085800000|  0%| F|  |TAMS 0x0000000085700000, 0x0000000085700000| Untracked 
|  36|0x0000000085800000, 0x0000000085800000, 0x0000000085900000|  0%| F|  |TAMS 0x0000000085800000, 0x0000000085800000| Untracked 
|  37|0x0000000085900000, 0x0000000085900000, 0x0000000085a00000|  0%| F|  |TAMS 0x0000000085900000, 0x0000000085900000| Untracked 
|  38|0x0000000085a00000, 0x0000000085a00000, 0x0000000085b00000|  0%| F|  |TAMS 0x0000000085a00000, 0x0000000085a00000| Untracked 
|  39|0x0000000085b00000, 0x0000000085b00000, 0x0000000085c00000|  0%| F|  |TAMS 0x0000000085b00000, 0x0000000085b00000| Untracked 
|  40|0x0000000085c00000, 0x0000000085c00000, 0x0000000085d00000|  0%| F|  |TAMS 0x0000000085c00000, 0x0000000085c00000| Untracked 
|  41|0x0000000085d00000, 0x0000000085d00000, 0x0000000085e00000|  0%| F|  |TAMS 0x0000000085d00000, 0x0000000085d00000| Untracked 
|  42|0x0000000085e00000, 0x0000000085e00000, 0x0000000085f00000|  0%| F|  |TAMS 0x0000000085e00000, 0x0000000085e00000| Untracked 
|  43|0x0000000085f00000, 0x0000000085f00000, 0x0000000086000000|  0%| F|  |TAMS 0x0000000085f00000, 0x0000000085f00000| Untracked 
|  44|0x0000000086000000, 0x0000000086000000, 0x0000000086100000|  0%| F|  |TAMS 0x0000000086000000, 0x0000000086000000| Untracked 
|  45|0x0000000086100000, 0x0000000086100000, 0x0000000086200000|  0%| F|  |TAMS 0x0000000086100000, 0x0000000086100000| Untracked 
|  46|0x0000000086200000, 0x0000000086200000, 0x0000000086300000|  0%| F|  |TAMS 0x0000000086200000, 0x0000000086200000| Untracked 
|  47|0x0000000086300000, 0x0000000086300000, 0x0000000086400000|  0%| F|  |TAMS 0x0000000086300000, 0x0000000086300000| Untracked 
|  48|0x0000000086400000, 0x0000000086400000, 0x0000000086500000|  0%| F|  |TAMS 0x0000000086400000, 0x0000000086400000| Untracked 
|  49|0x0000000086500000, 0x0000000086500000, 0x0000000086600000|  0%| F|  |TAMS 0x0000000086500000, 0x0000000086500000| Untracked 
|  50|0x0000000086600000, 0x0000000086600000, 0x0000000086700000|  0%| F|  |TAMS 0x0000000086600000, 0x0000000086600000| Untracked 
|  51|0x0000000086700000, 0x0000000086700000, 0x0000000086800000|  0%| F|  |TAMS 0x0000000086700000, 0x0000000086700000| Untracked 
|  52|0x0000000086800000, 0x0000000086800000, 0x0000000086900000|  0%| F|  |TAMS 0x0000000086800000, 0x0000000086800000| Untracked 
|  53|0x0000000086900000, 0x0000000086900000, 0x0000000086a00000|  0%| F|  |TAMS 0x0000000086900000, 0x0000000086900000| Untracked 
|  54|0x0000000086a00000, 0x0000000086a00000, 0x0000000086b00000|  0%| F|  |TAMS 0x0000000086a00000, 0x0000000086a00000| Untracked 
|  55|0x0000000086b00000, 0x0000000086b00000, 0x0000000086c00000|  0%| F|  |TAMS 0x0000000086b00000, 0x0000000086b00000| Untracked 
|  56|0x0000000086c00000, 0x0000000086c00000, 0x0000000086d00000|  0%| F|  |TAMS 0x0000000086c00000, 0x0000000086c00000| Untracked 
|  57|0x0000000086d00000, 0x0000000086d00000, 0x0000000086e00000|  0%| F|  |TAMS 0x0000000086d00000, 0x0000000086d00000| Untracked 
|  58|0x0000000086e00000, 0x0000000086e00000, 0x0000000086f00000|  0%| F|  |TAMS 0x0000000086e00000, 0x0000000086e00000| Untracked 
|  59|0x0000000086f00000, 0x0000000086f00000, 0x0000000087000000|  0%| F|  |TAMS 0x0000000086f00000, 0x0000000086f00000| Untracked 
|  60|0x0000000087000000, 0x0000000087000000, 0x0000000087100000|  0%| F|  |TAMS 0x0000000087000000, 0x0000000087000000| Untracked 
|  61|0x0000000087100000, 0x0000000087100000, 0x0000000087200000|  0%| F|  |TAMS 0x0000000087100000, 0x0000000087100000| Untracked 
|  62|0x0000000087200000, 0x0000000087200000, 0x0000000087300000|  0%| F|  |TAMS 0x0000000087200000, 0x0000000087200000| Untracked 
|  63|0x0000000087300000, 0x0000000087300000, 0x0000000087400000|  0%| F|  |TAMS 0x0000000087300000, 0x0000000087300000| Untracked 
|  64|0x0000000087400000, 0x0000000087400000, 0x0000000087500000|  0%| F|  |TAMS 0x0000000087400000, 0x0000000087400000| Untracked 
|  65|0x0000000087500000, 0x0000000087500000, 0x0000000087600000|  0%| F|  |TAMS 0x0000000087500000, 0x0000000087500000| Untracked 
|  66|0x0000000087600000, 0x0000000087600000, 0x0000000087700000|  0%| F|  |TAMS 0x0000000087600000, 0x0000000087600000| Untracked 
|  67|0x0000000087700000, 0x0000000087700000, 0x0000000087800000|  0%| F|  |TAMS 0x0000000087700000, 0x0000000087700000| Untracked 
|  68|0x0000000087800000, 0x0000000087800000, 0x0000000087900000|  0%| F|  |TAMS 0x0000000087800000, 0x0000000087800000| Untracked 
|  69|0x0000000087900000, 0x0000000087900000, 0x0000000087a00000|  0%| F|  |TAMS 0x0000000087900000, 0x0000000087900000| Untracked 
|  70|0x0000000087a00000, 0x0000000087a00000, 0x0000000087b00000|  0%| F|  |TAMS 0x0000000087a00000, 0x0000000087a00000| Untracked 
|  71|0x0000000087b00000, 0x0000000087b00000, 0x0000000087c00000|  0%| F|  |TAMS 0x0000000087b00000, 0x0000000087b00000| Untracked 
|  72|0x0000000087c00000, 0x0000000087c00000, 0x0000000087d00000|  0%| F|  |TAMS 0x0000000087c00000, 0x0000000087c00000| Untracked 
|  73|0x0000000087d00000, 0x0000000087d00000, 0x0000000087e00000|  0%| F|  |TAMS 0x0000000087d00000, 0x0000000087d00000| Untracked 
|  74|0x0000000087e00000, 0x0000000087e00000, 0x0000000087f00000|  0%| F|  |TAMS 0x0000000087e00000, 0x0000000087e00000| Untracked 
|  75|0x0000000087f00000, 0x0000000087f00000, 0x0000000088000000|  0%| F|  |TAMS 0x0000000087f00000, 0x0000000087f00000| Untracked 
|  76|0x0000000088000000, 0x0000000088000000, 0x0000000088100000|  0%| F|  |TAMS 0x0000000088000000, 0x0000000088000000| Untracked 
|  77|0x0000000088100000, 0x0000000088100000, 0x0000000088200000|  0%| F|  |TAMS 0x0000000088100000, 0x0000000088100000| Untracked 
|  78|0x0000000088200000, 0x0000000088200000, 0x0000000088300000|  0%| F|  |TAMS 0x0000000088200000, 0x0000000088200000| Untracked 
|  79|0x0000000088300000, 0x0000000088300000, 0x0000000088400000|  0%| F|  |TAMS 0x0000000088300000, 0x0000000088300000| Untracked 
|  80|0x0000000088400000, 0x0000000088400000, 0x0000000088500000|  0%| F|  |TAMS 0x0000000088400000, 0x0000000088400000| Untracked 
|  81|0x0000000088500000, 0x0000000088500000, 0x0000000088600000|  0%| F|  |TAMS 0x0000000088500000, 0x0000000088500000| Untracked 
|  82|0x0000000088600000, 0x0000000088600000, 0x0000000088700000|  0%| F|  |TAMS 0x0000000088600000, 0x0000000088600000| Untracked 
|  83|0x0000000088700000, 0x0000000088700000, 0x0000000088800000|  0%| F|  |TAMS 0x0000000088700000, 0x0000000088700000| Untracked 
|  84|0x0000000088800000, 0x0000000088800000, 0x0000000088900000|  0%| F|  |TAMS 0x0000000088800000, 0x0000000088800000| Untracked 
|  85|0x0000000088900000, 0x0000000088900000, 0x0000000088a00000|  0%| F|  |TAMS 0x0000000088900000, 0x0000000088900000| Untracked 
|  86|0x0000000088a00000, 0x0000000088a00000, 0x0000000088b00000|  0%| F|  |TAMS 0x0000000088a00000, 0x0000000088a00000| Untracked 
|  87|0x0000000088b00000, 0x0000000088b00000, 0x0000000088c00000|  0%| F|  |TAMS 0x0000000088b00000, 0x0000000088b00000| Untracked 
|  88|0x0000000088c00000, 0x0000000088c00000, 0x0000000088d00000|  0%| F|  |TAMS 0x0000000088c00000, 0x0000000088c00000| Untracked 
|  89|0x0000000088d00000, 0x0000000088d00000, 0x0000000088e00000|  0%| F|  |TAMS 0x0000000088d00000, 0x0000000088d00000| Untracked 
|  90|0x0000000088e00000, 0x0000000088e00000, 0x0000000088f00000|  0%| F|  |TAMS 0x0000000088e00000, 0x0000000088e00000| Untracked 
|  91|0x0000000088f00000, 0x0000000088f00000, 0x0000000089000000|  0%| F|  |TAMS 0x0000000088f00000, 0x0000000088f00000| Untracked 
|  92|0x0000000089000000, 0x0000000089000000, 0x0000000089100000|  0%| F|  |TAMS 0x0000000089000000, 0x0000000089000000| Untracked 
|  93|0x0000000089100000, 0x0000000089100000, 0x0000000089200000|  0%| F|  |TAMS 0x0000000089100000, 0x0000000089100000| Untracked 
|  94|0x0000000089200000, 0x0000000089200000, 0x0000000089300000|  0%| F|  |TAMS 0x0000000089200000, 0x0000000089200000| Untracked 
|  95|0x0000000089300000, 0x0000000089300000, 0x0000000089400000|  0%| F|  |TAMS 0x0000000089300000, 0x0000000089300000| Untracked 
|  96|0x0000000089400000, 0x0000000089400000, 0x0000000089500000|  0%| F|  |TAMS 0x0000000089400000, 0x0000000089400000| Untracked 
|  97|0x0000000089500000, 0x0000000089500000, 0x0000000089600000|  0%| F|  |TAMS 0x0000000089500000, 0x0000000089500000| Untracked 
|  98|0x0000000089600000, 0x0000000089600000, 0x0000000089700000|  0%| F|  |TAMS 0x0000000089600000, 0x0000000089600000| Untracked 
|  99|0x0000000089700000, 0x0000000089700000, 0x0000000089800000|  0%| F|  |TAMS 0x0000000089700000, 0x0000000089700000| Untracked 
| 100|0x0000000089800000, 0x0000000089900000, 0x0000000089900000|100%| S|CS|TAMS 0x0000000089800000, 0x0000000089800000| Complete 
| 101|0x0000000089900000, 0x0000000089a00000, 0x0000000089a00000|100%| S|CS|TAMS 0x0000000089900000, 0x0000000089900000| Complete 
| 102|0x0000000089a00000, 0x0000000089b00000, 0x0000000089b00000|100%| S|CS|TAMS 0x0000000089a00000, 0x0000000089a00000| Complete 
| 103|0x0000000089b00000, 0x0000000089b00000, 0x0000000089c00000|  0%| F|  |TAMS 0x0000000089b00000, 0x0000000089b00000| Untracked 
| 104|0x0000000089c00000, 0x0000000089c00000, 0x0000000089d00000|  0%| F|  |TAMS 0x0000000089c00000, 0x0000000089c00000| Untracked 
| 105|0x0000000089d00000, 0x0000000089d00000, 0x0000000089e00000|  0%| F|  |TAMS 0x0000000089d00000, 0x0000000089d00000| Untracked 
| 106|0x0000000089e00000, 0x0000000089e00000, 0x0000000089f00000|  0%| F|  |TAMS 0x0000000089e00000, 0x0000000089e00000| Untracked 
| 107|0x0000000089f00000, 0x0000000089f00000, 0x000000008a000000|  0%| F|  |TAMS 0x0000000089f00000, 0x0000000089f00000| Untracked 
| 108|0x000000008a000000, 0x000000008a000000, 0x000000008a100000|  0%| F|  |TAMS 0x000000008a000000, 0x000000008a000000| Untracked 
| 109|0x000000008a100000, 0x000000008a100000, 0x000000008a200000|  0%| F|  |TAMS 0x000000008a100000, 0x000000008a100000| Untracked 
| 110|0x000000008a200000, 0x000000008a200800, 0x000000008a300000|  0%| E|  |TAMS 0x000000008a200000, 0x000000008a200000| Complete 
| 111|0x000000008a300000, 0x000000008a400000, 0x000000008a400000|100%| E|CS|TAMS 0x000000008a300000, 0x000000008a300000| Complete 
| 112|0x000000008a400000, 0x000000008a500000, 0x000000008a500000|100%| E|CS|TAMS 0x000000008a400000, 0x000000008a400000| Complete 
| 113|0x000000008a500000, 0x000000008a600000, 0x000000008a600000|100%| E|  |TAMS 0x000000008a500000, 0x000000008a500000| Complete 
| 114|0x000000008a600000, 0x000000008a700000, 0x000000008a700000|100%| E|CS|TAMS 0x000000008a600000, 0x000000008a600000| Complete 
| 115|0x000000008a700000, 0x000000008a800000, 0x000000008a800000|100%| E|CS|TAMS 0x000000008a700000, 0x000000008a700000| Complete 
| 116|0x000000008a800000, 0x000000008a900000, 0x000000008a900000|100%| E|CS|TAMS 0x000000008a800000, 0x000000008a800000| Complete 
| 117|0x000000008a900000, 0x000000008aa00000, 0x000000008aa00000|100%| E|CS|TAMS 0x000000008a900000, 0x000000008a900000| Complete 
| 118|0x000000008aa00000, 0x000000008ab00000, 0x000000008ab00000|100%| E|CS|TAMS 0x000000008aa00000, 0x000000008aa00000| Complete 
| 119|0x000000008ab00000, 0x000000008ac00000, 0x000000008ac00000|100%| E|CS|TAMS 0x000000008ab00000, 0x000000008ab00000| Complete 
| 120|0x000000008ac00000, 0x000000008ad00000, 0x000000008ad00000|100%| E|CS|TAMS 0x000000008ac00000, 0x000000008ac00000| Complete 
| 121|0x000000008ad00000, 0x000000008ae00000, 0x000000008ae00000|100%| E|CS|TAMS 0x000000008ad00000, 0x000000008ad00000| Complete 
| 122|0x000000008ae00000, 0x000000008af00000, 0x000000008af00000|100%| E|CS|TAMS 0x000000008ae00000, 0x000000008ae00000| Complete 
| 123|0x000000008af00000, 0x000000008b000000, 0x000000008b000000|100%| E|CS|TAMS 0x000000008af00000, 0x000000008af00000| Complete 
| 124|0x000000008b000000, 0x000000008b100000, 0x000000008b100000|100%| E|CS|TAMS 0x000000008b000000, 0x000000008b000000| Complete 
| 125|0x000000008b100000, 0x000000008b200000, 0x000000008b200000|100%| E|CS|TAMS 0x000000008b100000, 0x000000008b100000| Complete 

Card table byte_map: [0x00000252d42a0000,0x00000252d4690000] _byte_map_base: 0x00000252d3e86000

Marking Bits (Prev, Next): (CMBitMap*) 0x00000252bcc6f8f0, (CMBitMap*) 0x00000252bcc6f930
 Prev Bits: [0x00000252d4a80000, 0x00000252d69b0000)
 Next Bits: [0x00000252d69b0000, 0x00000252d88e0000)

Polling page: 0x00000252bc3d0000

Metaspace:

Usage:
  Non-class:     11.91 MB used.
      Class:      1.59 MB used.
       Both:     13.50 MB used.

Virtual space:
  Non-class space:       64.00 MB reserved,      12.06 MB ( 19%) committed,  1 nodes.
      Class space:        1.00 GB reserved,       1.69 MB ( <1%) committed,  1 nodes.
             Both:        1.06 GB reserved,      13.75 MB (  1%) committed. 

Chunk freelists:
   Non-Class:  3.95 MB
       Class:  2.19 MB
        Both:  6.14 MB

MaxMetaspaceSize: unlimited
CompressedClassSpaceSize: 1.00 GB
Initial GC threshold: 21.00 MB
Current GC threshold: 21.00 MB
CDS: on
MetaspaceReclaimPolicy: balanced
 - commit_granule_bytes: 65536.
 - commit_granule_words: 8192.
 - virtual_space_node_default_size: 8388608.
 - enlarge_chunks_in_place: 1.
 - new_chunks_are_fully_committed: 0.
 - uncommit_free_chunks: 1.
 - use_allocation_guard: 0.


Internal statistics:

num_allocs_failed_limit: 0.
num_arena_births: 278.
num_arena_deaths: 0.
num_vsnodes_births: 2.
num_vsnodes_deaths: 0.
num_space_committed: 220.
num_space_uncommitted: 0.
num_chunks_returned_to_freelist: 0.
num_chunks_taken_from_freelist: 590.
num_chunk_merges: 0.
num_chunk_splits: 370.
num_chunks_enlarged: 252.
num_inconsistent_stats: 0.

CodeHeap 'non-profiled nmethods': size=120000Kb used=587Kb max_used=587Kb free=119412Kb
 bounds [0x00000252cc640000, 0x00000252cc8b0000, 0x00000252d3b70000]
CodeHeap 'profiled nmethods': size=120000Kb used=3760Kb max_used=3760Kb free=116239Kb
 bounds [0x00000252c4b70000, 0x00000252c4f20000, 0x00000252cc0a0000]
CodeHeap 'non-nmethods': size=5760Kb used=1325Kb max_used=1337Kb free=4434Kb
 bounds [0x00000252cc0a0000, 0x00000252cc310000, 0x00000252cc640000]
 total_blobs=2571 nmethods=2023 adapters=458
 compilation: enabled
              stopped_count=0, restarted_count=0
 full_count=0

Compilation events (20 events):
Event: 5.420 Thread 0x00000252db334ed0 2014       3       jdk.internal.org.objectweb.asm.AnnotationWriter::<init> (60 bytes)
Event: 5.420 Thread 0x00000252db334ed0 nmethod 2014 0x00000252c4f17a10 code [0x00000252c4f17be0, 0x00000252c4f17fe8]
Event: 5.420 Thread 0x00000252db334ed0 2015       3       java.lang.invoke.LambdaForm::useCount (61 bytes)
Event: 5.420 Thread 0x00000252db334ed0 nmethod 2015 0x00000252c4f18190 code [0x00000252c4f18360, 0x00000252c4f186c8]
Event: 5.420 Thread 0x00000252db334ed0 2016       3       java.lang.invoke.LambdaForm$Name::internArguments (62 bytes)
Event: 5.421 Thread 0x00000252db334ed0 nmethod 2016 0x00000252c4f18890 code [0x00000252c4f18a80, 0x00000252c4f19188]
Event: 5.421 Thread 0x00000252db334ed0 2019       3       java.lang.invoke.LambdaForm$Name::replaceNames (175 bytes)
Event: 5.422 Thread 0x00000252db334ed0 nmethod 2019 0x00000252c4f19310 code [0x00000252c4f19560, 0x00000252c4f1a178]
Event: 5.422 Thread 0x00000252db334ed0 2020       3       java.util.zip.CRC32::<init> (5 bytes)
Event: 5.422 Thread 0x00000252db334ed0 nmethod 2020 0x00000252c4f1a510 code [0x00000252c4f1a6c0, 0x00000252c4f1a818]
Event: 5.422 Thread 0x00000252db334ed0 2021       3       java.util.zip.CRC32::getValue (10 bytes)
Event: 5.422 Thread 0x00000252db334ed0 nmethod 2021 0x00000252c4f1a910 code [0x00000252c4f1aaa0, 0x00000252c4f1abb8]
Event: 5.423 Thread 0x00000252db334ed0 2022       3       java.lang.Module::isStaticallyExportedOrOpen (70 bytes)
Event: 5.423 Thread 0x00000252db334ed0 nmethod 2022 0x00000252c4f1ac90 code [0x00000252c4f1aea0, 0x00000252c4f1b598]
Event: 5.426 Thread 0x00000252db334ed0 2023       3       java.util.HashSet::contains (9 bytes)
Event: 5.426 Thread 0x00000252db334ed0 nmethod 2023 0x00000252c4f1b710 code [0x00000252c4f1b8c0, 0x00000252c4f1ba88]
Event: 5.426 Thread 0x00000252db334ed0 2024       3       java.nio.Buffer::flip (20 bytes)
Event: 5.426 Thread 0x00000252db334ed0 nmethod 2024 0x00000252c4f1bb90 code [0x00000252c4f1bd20, 0x00000252c4f1be38]
Event: 5.426 Thread 0x00000252db334ed0 2025       3       java.nio.ByteBuffer::flip (7 bytes)
Event: 5.427 Thread 0x00000252db334ed0 nmethod 2025 0x00000252c4f1bf10 code [0x00000252c4f1c0c0, 0x00000252c4f1c238]

GC Heap History (2 events):
Event: 1.128 GC heap before
{Heap before GC invocations=0 (full 0):
 garbage-first heap   total 129024K, used 22528K [0x0000000083400000, 0x0000000100000000)
  region size 1024K, 23 young (23552K), 0 survivors (0K)
 Metaspace       used 9721K, committed 9984K, reserved 1114112K
  class space    used 1098K, committed 1216K, reserved 1048576K
}
Event: 1.135 GC heap after
{Heap after GC invocations=1 (full 0):
 garbage-first heap   total 129024K, used 5236K [0x0000000083400000, 0x0000000100000000)
  region size 1024K, 3 young (3072K), 3 survivors (3072K)
 Metaspace       used 9721K, committed 9984K, reserved 1114112K
  class space    used 1098K, committed 1216K, reserved 1048576K
}

Dll operation events (8 events):
Event: 0.008 Loaded shared library C:\Program Files\Java\jdk-19\bin\java.dll
Event: 0.017 Loaded shared library C:\Program Files\Java\jdk-19\bin\jsvml.dll
Event: 0.077 Loaded shared library C:\Program Files\Java\jdk-19\bin\net.dll
Event: 0.079 Loaded shared library C:\Program Files\Java\jdk-19\bin\nio.dll
Event: 0.083 Loaded shared library C:\Program Files\Java\jdk-19\bin\zip.dll
Event: 0.137 Loaded shared library C:\Program Files\Java\jdk-19\bin\jimage.dll
Event: 0.174 Loaded shared library C:\Program Files\Java\jdk-19\bin\extnet.dll
Event: 0.940 Loaded shared library C:\Program Files\Java\jdk-19\bin\sunmscapi.dll

Deoptimization events (20 events):
Event: 1.893 Thread 0x00000252bcc10210 DEOPT PACKING pc=0x00000252c4c00e96 sp=0x000000c8a25fe310
Event: 1.893 Thread 0x00000252bcc10210 DEOPT UNPACKING pc=0x00000252cc107543 sp=0x000000c8a25fd7e8 mode 0
Event: 1.960 Thread 0x00000252bcc10210 Uncommon trap: trap_request=0xffffff45 fr.pc=0x00000252cc67f468 relative=0x0000000000000048
Event: 1.960 Thread 0x00000252bcc10210 Uncommon trap: reason=unstable_if action=reinterpret pc=0x00000252cc67f468 method=java.lang.CharacterData.of(I)Ljava/lang/CharacterData; @ 4 c2
Event: 1.960 Thread 0x00000252bcc10210 DEOPT PACKING pc=0x00000252cc67f468 sp=0x000000c8a25fded0
Event: 1.960 Thread 0x00000252bcc10210 DEOPT UNPACKING pc=0x00000252cc106da3 sp=0x000000c8a25fde70 mode 2
Event: 1.961 Thread 0x00000252bcc10210 Uncommon trap: trap_request=0xffffffde fr.pc=0x00000252cc6a1b6c relative=0x00000000000003cc
Event: 1.961 Thread 0x00000252bcc10210 Uncommon trap: reason=class_check action=maybe_recompile pc=0x00000252cc6a1b6c method=java.lang.String.<init>(Ljava/lang/AbstractStringBuilder;Ljava/lang/Void;)V @ 10 c2
Event: 1.961 Thread 0x00000252bcc10210 DEOPT PACKING pc=0x00000252cc6a1b6c sp=0x000000c8a25fe790
Event: 1.961 Thread 0x00000252bcc10210 DEOPT UNPACKING pc=0x00000252cc106da3 sp=0x000000c8a25fe748 mode 2
Event: 1.961 Thread 0x00000252bcc10210 Uncommon trap: trap_request=0xffffffde fr.pc=0x00000252cc6a1b6c relative=0x00000000000003cc
Event: 1.961 Thread 0x00000252bcc10210 Uncommon trap: reason=class_check action=maybe_recompile pc=0x00000252cc6a1b6c method=java.lang.String.<init>(Ljava/lang/AbstractStringBuilder;Ljava/lang/Void;)V @ 10 c2
Event: 1.961 Thread 0x00000252bcc10210 DEOPT PACKING pc=0x00000252cc6a1b6c sp=0x000000c8a25fe790
Event: 1.961 Thread 0x00000252bcc10210 DEOPT UNPACKING pc=0x00000252cc106da3 sp=0x000000c8a25fe748 mode 2
Event: 1.961 Thread 0x00000252bcc10210 Uncommon trap: trap_request=0xffffffde fr.pc=0x00000252cc6a1b6c relative=0x00000000000003cc
Event: 1.961 Thread 0x00000252bcc10210 Uncommon trap: reason=class_check action=maybe_recompile pc=0x00000252cc6a1b6c method=java.lang.String.<init>(Ljava/lang/AbstractStringBuilder;Ljava/lang/Void;)V @ 10 c2
Event: 1.961 Thread 0x00000252bcc10210 DEOPT PACKING pc=0x00000252cc6a1b6c sp=0x000000c8a25fe790
Event: 1.961 Thread 0x00000252bcc10210 DEOPT UNPACKING pc=0x00000252cc106da3 sp=0x000000c8a25fe748 mode 2
Event: 5.045 Thread 0x00000252bcc10210 DEOPT PACKING pc=0x00000252c4b99d57 sp=0x000000c8a25fea00
Event: 5.045 Thread 0x00000252bcc10210 DEOPT UNPACKING pc=0x00000252cc107543 sp=0x000000c8a25fde80 mode 0

Classes loaded (20 events):
Event: 5.408 Loading class java/util/stream/SortedOps$RefSortingSink
Event: 5.408 Loading class java/util/stream/SortedOps$AbstractRefSortingSink
Event: 5.409 Loading class java/util/stream/SortedOps$AbstractRefSortingSink done
Event: 5.409 Loading class java/util/stream/SortedOps$RefSortingSink done
Event: 5.411 Loading class java/lang/reflect/InvocationTargetException
Event: 5.411 Loading class java/lang/reflect/InvocationTargetException done
Event: 5.411 Loading class sun/misc/SharedSecrets
Event: 5.411 Loading class sun/misc/SharedSecrets done
Event: 5.412 Loading class java/util/TreeMap$EntrySpliterator
Event: 5.412 Loading class java/util/TreeMap$EntrySpliterator done
Event: 5.413 Loading class java/util/stream/SortedOps$SizedRefSortingSink
Event: 5.413 Loading class java/util/stream/SortedOps$SizedRefSortingSink done
Event: 5.422 Loading class java/lang/Throwable$WrappedPrintStream
Event: 5.423 Loading class java/lang/Throwable$PrintStreamOrWriter
Event: 5.423 Loading class java/lang/Throwable$PrintStreamOrWriter done
Event: 5.423 Loading class java/lang/Throwable$WrappedPrintStream done
Event: 5.424 Loading class java/util/concurrent/ConcurrentHashMap$EntrySpliterator
Event: 5.424 Loading class java/util/concurrent/ConcurrentHashMap$EntrySpliterator done
Event: 5.426 Loading class java/lang/StackTraceElement$HashedModules
Event: 5.426 Loading class java/lang/StackTraceElement$HashedModules done

Classes unloaded (0 events):
No events

Classes redefined (0 events):
No events

Internal exceptions (20 events):
Event: 0.791 Thread 0x00000252bcc10210 Exception <a 'sun/nio/fs/WindowsException'{0x000000008a6e2058}> (0x000000008a6e2058) 
thrown [s\open\src\hotspot\share\prims\jni.cpp, line 517]
Event: 0.886 Thread 0x00000252bcc10210 Exception <a 'java/lang/NoSuchMethodError'{0x000000008a006078}: 'java.lang.Object java.lang.invoke.DirectMethodHandle$Holder.invokeStaticInit(java.lang.Object, int, int, int, int)'> (0x000000008a006078) 
thrown [s\open\src\hotspot\share\interpreter\linkResolver.cpp, line 774]
Event: 0.919 Thread 0x00000252bcc10210 Exception <a 'java/lang/NoSuchMethodError'{0x000000008a054788}: 'java.lang.Object java.lang.invoke.DirectMethodHandle$Holder.invokeStaticInit(java.lang.Object, java.lang.Object, int, int, int, int)'> (0x000000008a054788) 
thrown [s\open\src\hotspot\share\interpreter\linkResolver.cpp, line 774]
Event: 0.990 Thread 0x00000252bcc10210 Exception <a 'java/lang/NoSuchMethodError'{0x0000000089e5a848}: 'java.lang.Object java.lang.invoke.DirectMethodHandle$Holder.invokeInterface(java.lang.Object, java.lang.Object, java.lang.Object)'> (0x0000000089e5a848) 
thrown [s\open\src\hotspot\share\interpreter\linkResolver.cpp, line 774]
Event: 0.991 Thread 0x00000252bcc10210 Exception <a 'java/lang/IncompatibleClassChangeError'{0x0000000089e5df18}: Found class java.lang.Object, but interface was expected> (0x0000000089e5df18) 
thrown [s\open\src\hotspot\share\interpreter\linkResolver.cpp, line 841]
Event: 0.992 Thread 0x00000252bcc10210 Exception <a 'java/lang/NoSuchMethodError'{0x0000000089e66350}: 'int java.lang.invoke.DirectMethodHandle$Holder.invokeSpecialIFC(java.lang.Object, java.lang.Object, java.lang.Object, java.lang.Object)'> (0x0000000089e66350) 
thrown [s\open\src\hotspot\share\interpreter\linkResolver.cpp, line 774]
Event: 0.999 Thread 0x00000252bcc10210 Exception <a 'java/lang/NoSuchMethodError'{0x0000000089ed5048}: 'java.lang.Object java.lang.invoke.DirectMethodHandle$Holder.invokeVirtual(java.lang.Object, java.lang.Object, java.lang.Object, java.lang.Object)'> (0x0000000089ed5048) 
thrown [s\open\src\hotspot\share\interpreter\linkResolver.cpp, line 774]
Event: 1.018 Thread 0x00000252e00fded0 Exception <a 'java/net/ConnectException'{0x0000000089d7ee78}: Connection refused: no further information> (0x0000000089d7ee78) 
thrown [s\open\src\hotspot\share\prims\jni.cpp, line 536]
Event: 1.032 Thread 0x00000252e00fded0 Exception <a 'java/net/ConnectException'{0x0000000089d7ffb0}: Connection refused: no further information> (0x0000000089d7ffb0) 
thrown [s\open\src\hotspot\share\prims\jni.cpp, line 536]
Event: 1.112 Thread 0x00000252bcc10210 Exception <a 'java/lang/NoSuchMethodError'{0x0000000089b16db0}: 'java.lang.Object java.lang.invoke.DirectMethodHandle$Holder.newInvokeSpecial(java.lang.Object, java.lang.Object, int, int)'> (0x0000000089b16db0) 
thrown [s\open\src\hotspot\share\interpreter\linkResolver.cpp, line 774]
Event: 1.112 Thread 0x00000252bcc10210 Exception <a 'java/lang/NoSuchMethodError'{0x0000000089b217f8}: 'void java.lang.invoke.DirectMethodHandle$Holder.invokeStatic(java.lang.Object, java.lang.Object, int)'> (0x0000000089b217f8) 
thrown [s\open\src\hotspot\share\interpreter\linkResolver.cpp, line 774]
Event: 1.138 Thread 0x00000252bcc10210 Exception <a 'java/lang/NoSuchMethodError'{0x000000008b1333c8}: 'java.lang.Object java.lang.invoke.DirectMethodHandle$Holder.newInvokeSpecial(java.lang.Object, java.lang.Object, java.lang.Object, java.lang.Object, java.lang.Object)'> (0x000000008b1333c8) 
thrown [s\open\src\hotspot\share\interpreter\linkResolver.cpp, line 774]
Event: 1.180 Thread 0x00000252bcc10210 Exception <a 'java/lang/NoSuchMethodError'{0x000000008ae131b0}: 'void java.lang.invoke.DirectMethodHandle$Holder.invokeSpecial(java.lang.Object, java.lang.Object, java.lang.Object)'> (0x000000008ae131b0) 
thrown [s\open\src\hotspot\share\interpreter\linkResolver.cpp, line 774]
Event: 1.203 Thread 0x00000252e0543be0 Exception <a 'java/lang/NoSuchMethodError'{0x000000008ad33040}: 'java.lang.Object java.lang.invoke.DirectMethodHandle$Holder.invokeSpecial(java.lang.Object, java.lang.Object, java.lang.Object, java.lang.Object, int)'> (0x000000008ad33040) 
thrown [s\open\src\hotspot\share\interpreter\linkResolver.cpp, line 774]
Event: 1.203 Thread 0x00000252e0543be0 Exception <a 'java/lang/NoSuchMethodError'{0x000000008ad36c18}: 'java.lang.Object java.lang.invoke.Invokers$Holder.linkToTargetMethod(java.lang.Object, java.lang.Object, int, java.lang.Object)'> (0x000000008ad36c18) 
thrown [s\open\src\hotspot\share\interpreter\linkResolver.cpp, line 774]
Event: 1.217 Thread 0x00000252e0543be0 Exception <a 'java/lang/NoSuchMethodError'{0x000000008ad81f70}: 'void java.lang.invoke.DirectMethodHandle$Holder.invokeSpecial(java.lang.Object, java.lang.Object, java.lang.Object, java.lang.Object, java.lang.Object)'> (0x000000008ad81f70) 
thrown [s\open\src\hotspot\share\interpreter\linkResolver.cpp, line 774]
Event: 1.838 Thread 0x00000252e0543be0 Exception <a 'java/lang/NoSuchMethodError'{0x000000008acc0d28}: 'void java.lang.invoke.DirectMethodHandle$Holder.invokeSpecial(java.lang.Object, java.lang.Object, java.lang.Object, java.lang.Object, java.lang.Object, java.lang.Object, java.lang.Object)'> (0x000000008acc0d28) 
thrown [s\open\src\hotspot\share\interpreter\linkResolver.cpp, line 774]
Event: 1.874 Thread 0x00000252bcc10210 Exception <a 'java/lang/NoSuchMethodError'{0x000000008aa4d268}: 'java.lang.Object java.lang.invoke.DirectMethodHandle$Holder.invokeSpecialIFC(java.lang.Object, java.lang.Object, java.lang.Object)'> (0x000000008aa4d268) 
thrown [s\open\src\hotspot\share\interpreter\linkResolver.cpp, line 774]
Event: 1.962 Thread 0x00000252bcc10210 Exception <a 'java/lang/ClassNotFoundException'{0x000000008a649308}: sun/util/logging/resources/spi/loggingProvider> (0x000000008a649308) 
thrown [s\open\src\hotspot\share\classfile\systemDictionary.cpp, line 255]
Event: 5.411 Thread 0x00000252bcc10210 Exception <a 'java/lang/ClassNotFoundException'{0x000000008a3741f8}: sun/misc/SharedSecrets> (0x000000008a3741f8) 
thrown [s\open\src\hotspot\share\classfile\systemDictionary.cpp, line 255]

VM Operations (20 events):
Event: 1.074 Executing VM operation: HandshakeAllThreads
Event: 1.074 Executing VM operation: HandshakeAllThreads done
Event: 1.074 Executing VM operation: Cleanup
Event: 1.075 Executing VM operation: Cleanup done
Event: 1.077 Executing VM operation: HandshakeAllThreads
Event: 1.077 Executing VM operation: HandshakeAllThreads done
Event: 1.088 Executing VM operation: HandshakeAllThreads
Event: 1.088 Executing VM operation: HandshakeAllThreads done
Event: 1.128 Executing VM operation: G1CollectForAllocation
Event: 1.135 Executing VM operation: G1CollectForAllocation done
Event: 1.826 Executing VM operation: HandshakeAllThreads
Event: 1.826 Executing VM operation: HandshakeAllThreads done
Event: 1.828 Executing VM operation: HandshakeAllThreads
Event: 1.828 Executing VM operation: HandshakeAllThreads done
Event: 1.953 Executing VM operation: HandshakeAllThreads
Event: 1.953 Executing VM operation: HandshakeAllThreads done
Event: 2.963 Executing VM operation: Cleanup
Event: 2.963 Executing VM operation: Cleanup done
Event: 4.981 Executing VM operation: Cleanup
Event: 4.981 Executing VM operation: Cleanup done

Events (20 events):
Event: 0.145 Thread 0x00000252df6feda0 Thread added: 0x00000252df6feda0
Event: 0.272 Thread 0x00000252dfa14840 Thread added: 0x00000252dfa14840
Event: 0.644 Thread 0x00000252dfa14840 Thread exited: 0x00000252dfa14840
Event: 0.647 Thread 0x00000252df6feda0 Thread exited: 0x00000252df6feda0
Event: 0.704 Thread 0x00000252dfa06510 Thread added: 0x00000252dfa06510
Event: 0.964 Thread 0x00000252dfaa8cb0 Thread added: 0x00000252dfaa8cb0
Event: 1.004 Thread 0x00000252dfb75ae0 Thread added: 0x00000252dfb75ae0
Event: 1.005 Thread 0x00000252dfbaa660 Thread added: 0x00000252dfbaa660
Event: 1.006 Thread 0x00000252dfba0460 Thread added: 0x00000252dfba0460
Event: 1.012 Thread 0x00000252e00fded0 Thread added: 0x00000252e00fded0
Event: 1.077 Thread 0x00000252e00fea30 Thread added: 0x00000252e00fea30
Event: 1.194 Thread 0x00000252e0543be0 Thread added: 0x00000252e0543be0
Event: 1.226 Thread 0x00000252e0543690 Thread added: 0x00000252e0543690
Event: 1.227 Thread 0x00000252e0544130 Thread added: 0x00000252e0544130
Event: 1.907 Thread 0x00000252e0544680 Thread added: 0x00000252e0544680
Event: 1.908 Thread 0x00000252e0545120 Thread added: 0x00000252e0545120
Event: 1.909 Thread 0x00000252e0545670 Thread added: 0x00000252e0545670
Event: 1.909 Thread 0x00000252e0545bc0 Thread added: 0x00000252e0545bc0
Event: 5.427 Thread 0x00000252bcc10210 Thread exited: 0x00000252bcc10210
Event: 5.427 Thread 0x00000252e0546110 Thread added: 0x00000252e0546110


Dynamic libraries:
0x00007ff7bdbd0000 - 0x00007ff7bdbe0000 	C:\Program Files\Java\jdk-19\bin\javaw.exe
0x00007fff075d0000 - 0x00007fff077e7000 	C:\WINDOWS\SYSTEM32\ntdll.dll
0x00007fff06360000 - 0x00007fff06424000 	C:\WINDOWS\System32\KERNEL32.DLL
0x00007fff04d60000 - 0x00007fff05106000 	C:\WINDOWS\System32\KERNELBASE.dll
0x00007fff04970000 - 0x00007fff04a81000 	C:\WINDOWS\System32\ucrtbase.dll
0x00007ffeeef20000 - 0x00007ffeeef38000 	C:\Program Files\Java\jdk-19\bin\jli.dll
0x00007ffefbf70000 - 0x00007ffefbf8b000 	C:\Program Files\Java\jdk-19\bin\VCRUNTIME140.dll
0x00007fff05480000 - 0x00007fff05531000 	C:\WINDOWS\System32\ADVAPI32.dll
0x00007fff06490000 - 0x00007fff06537000 	C:\WINDOWS\System32\msvcrt.dll
0x00007fff053d0000 - 0x00007fff05475000 	C:\WINDOWS\System32\sechost.dll
0x00007fff057b0000 - 0x00007fff058c7000 	C:\WINDOWS\System32\RPCRT4.dll
0x00007fff06900000 - 0x00007fff06aae000 	C:\WINDOWS\System32\USER32.dll
0x00007fff04940000 - 0x00007fff04966000 	C:\WINDOWS\System32\win32u.dll
0x00007fff058d0000 - 0x00007fff058f9000 	C:\WINDOWS\System32\GDI32.dll
0x00007ffef21d0000 - 0x00007ffef2463000 	C:\WINDOWS\WinSxS\amd64_microsoft.windows.common-controls_6595b64144ccf1df_6.0.22621.2506_none_270c5ae97388e100\COMCTL32.dll
0x00007fff04b00000 - 0x00007fff04c18000 	C:\WINDOWS\System32\gdi32full.dll
0x00007fff05110000 - 0x00007fff051aa000 	C:\WINDOWS\System32\msvcp_win.dll
0x00007ffef6690000 - 0x00007ffef669a000 	C:\WINDOWS\SYSTEM32\VERSION.dll
0x00007fff05900000 - 0x00007fff05931000 	C:\WINDOWS\System32\IMM32.DLL
0x00007ffef3260000 - 0x00007ffef326c000 	C:\Program Files\Java\jdk-19\bin\vcruntime140_1.dll
0x00007ffedcfa0000 - 0x00007ffedd02e000 	C:\Program Files\Java\jdk-19\bin\msvcp140.dll
0x00007ffeb0c80000 - 0x00007ffeb1940000 	C:\Program Files\Java\jdk-19\bin\server\jvm.dll
0x00007ffef9df0000 - 0x00007ffef9e24000 	C:\WINDOWS\SYSTEM32\WINMM.dll
0x00007ffeecef0000 - 0x00007ffeecef9000 	C:\WINDOWS\SYSTEM32\WSOCK32.dll
0x00007fff07090000 - 0x00007fff07101000 	C:\WINDOWS\System32\WS2_32.dll
0x00007fff03940000 - 0x00007fff03958000 	C:\WINDOWS\SYSTEM32\kernel.appcore.dll
0x00007ffef3180000 - 0x00007ffef318a000 	C:\Program Files\Java\jdk-19\bin\jimage.dll
0x00007fff02080000 - 0x00007fff022b3000 	C:\WINDOWS\SYSTEM32\DBGHELP.DLL
0x00007fff06570000 - 0x00007fff068f9000 	C:\WINDOWS\System32\combase.dll
0x00007fff05540000 - 0x00007fff05617000 	C:\WINDOWS\System32\OLEAUT32.dll
0x00007ffeda010000 - 0x00007ffeda042000 	C:\WINDOWS\SYSTEM32\dbgcore.DLL
0x00007fff04c20000 - 0x00007fff04c9a000 	C:\WINDOWS\System32\bcryptPrimitives.dll
0x00007ffeed2f0000 - 0x00007ffeed316000 	C:\Program Files\Java\jdk-19\bin\java.dll
0x00007ffedbb30000 - 0x00007ffedbc07000 	C:\Program Files\Java\jdk-19\bin\jsvml.dll
0x00007fff05940000 - 0x00007fff0619a000 	C:\WINDOWS\System32\SHELL32.dll
0x00007fff02860000 - 0x00007fff03156000 	C:\WINDOWS\SYSTEM32\windows.storage.dll
0x00007fff02720000 - 0x00007fff0285e000 	C:\WINDOWS\SYSTEM32\wintypes.dll
0x00007fff06c30000 - 0x00007fff06d23000 	C:\WINDOWS\System32\SHCORE.dll
0x00007fff06ac0000 - 0x00007fff06b1e000 	C:\WINDOWS\System32\shlwapi.dll
0x00007fff04870000 - 0x00007fff04896000 	C:\WINDOWS\SYSTEM32\profapi.dll
0x00007ffeee600000 - 0x00007ffeee613000 	C:\Program Files\Java\jdk-19\bin\net.dll
0x00007ffefd540000 - 0x00007ffefd677000 	C:\WINDOWS\SYSTEM32\WINHTTP.dll
0x00007fff03e30000 - 0x00007fff03e99000 	C:\WINDOWS\system32\mswsock.dll
0x00007ffeed2d0000 - 0x00007ffeed2e6000 	C:\Program Files\Java\jdk-19\bin\nio.dll
0x00007ffeed2b0000 - 0x00007ffeed2c8000 	C:\Program Files\Java\jdk-19\bin\zip.dll
0x00007ffef2f20000 - 0x00007ffef2f28000 	C:\Program Files\Java\jdk-19\bin\extnet.dll
0x00007fff03430000 - 0x00007fff03529000 	C:\WINDOWS\SYSTEM32\DNSAPI.dll
0x00007fff033c0000 - 0x00007fff033ed000 	C:\WINDOWS\SYSTEM32\IPHLPAPI.DLL
0x00007fff06540000 - 0x00007fff06549000 	C:\WINDOWS\System32\NSI.dll
0x00007ffef7340000 - 0x00007ffef734a000 	C:\Windows\System32\rasadhlp.dll
0x00007ffef7350000 - 0x00007ffef73d3000 	C:\WINDOWS\System32\fwpuclnt.dll
0x00007fff04080000 - 0x00007fff0409b000 	C:\WINDOWS\SYSTEM32\CRYPTSP.dll
0x00007fff038a0000 - 0x00007fff038d5000 	C:\WINDOWS\system32\rsaenh.dll
0x00007fff03f20000 - 0x00007fff03f4c000 	C:\WINDOWS\SYSTEM32\USERENV.dll
0x00007fff04270000 - 0x00007fff04298000 	C:\WINDOWS\SYSTEM32\bcrypt.dll
0x00007fff040a0000 - 0x00007fff040ac000 	C:\WINDOWS\SYSTEM32\CRYPTBASE.dll
0x00007ffefc680000 - 0x00007ffefc699000 	C:\WINDOWS\SYSTEM32\dhcpcsvc6.DLL
0x00007ffefc660000 - 0x00007ffefc67f000 	C:\WINDOWS\SYSTEM32\dhcpcsvc.DLL
0x00007ffeef0f0000 - 0x00007ffeef0fe000 	C:\Program Files\Java\jdk-19\bin\sunmscapi.dll
0x00007fff051b0000 - 0x00007fff05316000 	C:\WINDOWS\System32\CRYPT32.dll
0x00007fff04240000 - 0x00007fff0426d000 	C:\WINDOWS\SYSTEM32\ncrypt.dll
0x00007fff04200000 - 0x00007fff04237000 	C:\WINDOWS\SYSTEM32\NTASN1.dll
0x00007ffeef0a0000 - 0x00007ffeef0a8000 	C:\WINDOWS\system32\wshunix.dll

dbghelp: loaded successfully - version: 4.0.5 - missing functions: none
symbol engine: initialized successfully - sym options: 0x614 - pdb path: .;C:\Program Files\Java\jdk-19\bin;C:\WINDOWS\SYSTEM32;C:\WINDOWS\WinSxS\amd64_microsoft.windows.common-controls_6595b64144ccf1df_6.0.22621.2506_none_270c5ae97388e100;C:\Program Files\Java\jdk-19\bin\server

VM Arguments:
jvm_args: -Dfile.encoding=UTF-8 -Dstdout.encoding=UTF-8 -Dstderr.encoding=UTF-8 -XX:+ShowCodeDetailsInExceptionMessages 
java_command: UpdatedDropdown
java_class_path (initial): C:\Users\Gaurav\eclipse-workspace\Introduction1\target\classes;C:\Users\Gaurav\.m2\repository\org\seleniumhq\selenium\selenium-java\4.15.0\selenium-java-4.15.0.jar;C:\Users\Gaurav\.m2\repository\org\seleniumhq\selenium\selenium-api\4.15.0\selenium-api-4.15.0.jar;C:\Users\Gaurav\.m2\repository\org\seleniumhq\selenium\selenium-chrome-driver\4.15.0\selenium-chrome-driver-4.15.0.jar;C:\Users\Gaurav\.m2\repository\com\google\auto\service\auto-service-annotations\1.1.1\auto-service-annotations-1.1.1.jar;C:\Users\Gaurav\.m2\repository\org\seleniumhq\selenium\selenium-chromium-driver\4.15.0\selenium-chromium-driver-4.15.0.jar;C:\Users\Gaurav\.m2\repository\org\seleniumhq\selenium\selenium-json\4.15.0\selenium-json-4.15.0.jar;C:\Users\Gaurav\.m2\repository\org\seleniumhq\selenium\selenium-manager\4.15.0\selenium-manager-4.15.0.jar;C:\Users\Gaurav\.m2\repository\org\seleniumhq\selenium\selenium-devtools-v117\4.15.0\selenium-devtools-v117-4.15.0.jar;C:\Users\Gaurav\.m2\repository\org\seleniumhq\selenium\selenium-devtools-v118\4.15.0\selenium-devtools-v118-4.15.0.jar;C:\Users\Gaurav\.m2\repository\org\seleniumhq\selenium\selenium-devtools-v119\4.15.0\selenium-devtools-v119-4.15.0.jar;C:\Users\Gaurav\.m2\repository\org\seleniumhq\selenium\selenium-devtools-v85\4.15.0\selenium-devtools-v85-4.15.0.jar;C:\Users\Gaurav\.m2\repository\org\seleniumhq\selenium\selenium-edge-driver\4.15.0\selenium-edge-driver-4.15.0.jar;C:\Users\Gaurav\.m2\repository\org\seleniumhq\selenium\selenium-firefox-driver\4.15.0\selenium-firefox-driver-4.15.0.jar;C:\Users\Gaurav\.m2\repository\org\seleniumhq\selenium\selenium-http\4.15.0\selenium-http-4.15.0.jar;C:\Users\Gaurav\.m2\repository\dev\failsafe\failsafe\3.3.2\failsafe-3.3.2.jar;C:\Users\Gaurav\.m2\repository\org\seleniumhq\selenium\selenium-ie-driver\4.15.0\selenium-ie-driver-4.15.0.jar;C:\Users\Gaurav\.m2\repository\org\seleniumhq\selenium\selenium-remote-driver\4.15.0\selenium-remote-driver-4.15.0.jar;C:\Users\Gaurav\.m2\repository\com\google\guava\guava\32.1.2-jre\guava-32.1.2-jre.jar;C:\Users\Gaurav\.m2\repository\com\google\guava\failureaccess\1.0.1\failureaccess-1.0.1.jar;C:\Users\Gaurav\.m2\repository\com\google\guava\listenablefuture\9999.0-empty-to-avoid-conflict-with-guava\listenablefuture-9999.0-empty-to-avoid-conflict-with-guava.jar;C:\Users\Gaurav\.m2\repository\com\google\code\findbugs\jsr305\3.0.2\jsr305-3.0.2.jar;C:\Users\Gaurav\.m2\repository\org\checkerframework\checker-qual\3.33.0\checker-qual-3.33.0.jar;C:\Users\Gaurav\.m2\repository\com\google\errorprone\error_prone_annotations\2.18.0\error_prone_annotations-2.18.0.jar;C:\Users\Gaurav\.m2\repository\com\google\j2objc\j2objc-annotations\2.8\j2objc-annotations-2.8.jar;C:\Users\Gaurav\.m2\repository\io\opentelemetry\opentelemetry-api\1.28.0\opentelemetry-api-1.28.0.jar;C:\Users\Gaurav\.m2\repository\io\opentelemetry\opentelemetry-context\1.28.0\opentelemetry-context-1.28.0.jar;C:\Users\Gaurav\.m2\repository\io\opentelemetry\opentelemetry-exporter-logging\1.28.0\opentelemetry-exporter-logging-1.28.0.jar;C:\Users\Gaurav\.m2\repository\io\opentelemetry\opentelemetry-sdk-metrics\1.28.0\opentelemetry-sdk-metrics-1.28.0.jar;C:\Users\Gaurav\.m2\repository\io\opentelemetry\opentelemetry-extension-incubator\1.28.0-alpha\opentelemetry-extension-incubator-1.28.0-alpha.jar;C:\Users\Gaurav\.m2\repository\io\opentelemetry\opentelemetry-sdk-logs\1.28.0\opentelemetry-sdk-logs-1.28.0.jar;C:\Users\Gaurav\.m2\repository\io\opentelemetry\opentelemetry-sdk-common\1.28.0\opentelemetry-sdk-common-1.28.0.jar;C:\Users\Gaurav\.m2\repository\io\opentelemetry\opentelemetry-sdk-extension-autoconfigure-spi\1.28.0\opentelemetry-sdk-extension-autoconfigure-spi-1.28.0.jar;C:\Users\Gaurav\.m2\repository\io\opentelemetry\opentelemetry-sdk-extension-autoconfigure\1.28.0\opentelemetry-sdk-extension-autoconfigure-1.28.0.jar;C:\Users\Gaurav\.m2\repository\io\opentelemetry\opentelemetry-api-events\1.28.0-alpha\opentelemetry-api-events-1.28.0-alpha.jar;C:\Users\Gaurav\.m2\repository\io\opentelemetry\opentelemetry-sdk-trace\1.28.0\opentelemetry-sdk-trace-1.28.0.jar;C:\Users\Gaurav\.m2\repository\io\opentelemetry\opentelemetry-sdk\1.28.0\opentelemetry-sdk-1.28.0.jar;C:\Users\Gaurav\.m2\repository\io\opentelemetry\opentelemetry-semconv\1.28.0-alpha\opentelemetry-semconv-1.28.0-alpha.jar;C:\Users\Gaurav\.m2\repository\net\bytebuddy\byte-buddy\1.14.5\byte-buddy-1.14.5.jar;C:\Users\Gaurav\.m2\repository\org\seleniumhq\selenium\selenium-os\4.15.0\selenium-os-4.15.0.jar;C:\Users\Gaurav\.m2\repository\org\apache\commons\commons-exec\1.3\commons-exec-1.3.jar;C:\Users\Gaurav\.m2\repository\org\seleniumhq\selenium\selenium-safari-driver\4.15.0\selenium-safari-driver-4.15.0.jar;C:\Users\Gaurav\.m2\repository\org\seleniumhq\selenium\selenium-support\4.15.0\selenium-support-4.15.0.jar;C:\Users\Gaurav\.m2\repository\org\testng\testng\7.8.0\testng-7.8.0.jar;C:\Users\Gaurav\.m2\repository\org\slf4j\slf4j-api\1.7.36\slf4j-api-1.7.36.jar;C:\Users\Gaurav\.m2\repository\com\beust\jcommander\1.82\jcommander-1.82.jar;C:\Users\Gaurav\.m2\repository\org\webjars\jquery\3.6.1\jquery-3.6.1.jar
Launcher Type: SUN_STANDARD

[Global flags]
     intx CICompilerCount                          = 4                                         {product} {ergonomic}
     uint ConcGCThreads                            = 2                                         {product} {ergonomic}
     uint G1ConcRefinementThreads                  = 8                                         {product} {ergonomic}
   size_t G1HeapRegionSize                         = 1048576                                   {product} {ergonomic}
    uintx GCDrainStackTargetSize                   = 64                                        {product} {ergonomic}
   size_t InitialHeapSize                          = 132120576                                 {product} {ergonomic}
   size_t MarkStackSize                            = 4194304                                   {product} {ergonomic}
   size_t MaxHeapSize                              = 2092957696                                {product} {ergonomic}
   size_t MaxNewSize                               = 1255145472                                {product} {ergonomic}
   size_t MinHeapDeltaBytes                        = 1048576                                   {product} {ergonomic}
   size_t MinHeapSize                              = 8388608                                   {product} {ergonomic}
    uintx NonNMethodCodeHeapSize                   = 5839372                                {pd product} {ergonomic}
    uintx NonProfiledCodeHeapSize                  = 122909434                              {pd product} {ergonomic}
    uintx ProfiledCodeHeapSize                     = 122909434                              {pd product} {ergonomic}
    uintx ReservedCodeCacheSize                    = 251658240                              {pd product} {ergonomic}
     bool SegmentedCodeCache                       = true                                      {product} {ergonomic}
     bool ShowCodeDetailsInExceptionMessages       = true                                   {manageable} {command line}
   size_t SoftMaxHeapSize                          = 2092957696                             {manageable} {ergonomic}
     bool UseCompressedClassPointers               = true                           {product lp64_product} {ergonomic}
     bool UseCompressedOops                        = true                           {product lp64_product} {ergonomic}
     bool UseG1GC                                  = true                                      {product} {ergonomic}
     bool UseLargePagesIndividualAllocation        = false                                  {pd product} {ergonomic}

Logging:
Log output configuration:
 #0: stdout all=warning uptime,level,tags foldmultilines=false
 #1: stderr all=off uptime,level,tags foldmultilines=false

Environment Variables:
JAVA_HOME=C:\Program Files\Java\jdk-19
PATH=C:/Users/Gaurav/Downloads/eclipse-java-2023-09-R-win32-x86_64/eclipse//plugins/org.eclipse.justj.openjdk.hotspot.jre.full.win32.x86_64_17.0.8.v20230831-1047/jre/bin/server;C:/Users/Gaurav/Downloads/eclipse-java-2023-09-R-win32-x86_64/eclipse//plugins/org.eclipse.justj.openjdk.hotspot.jre.full.win32.x86_64_17.0.8.v20230831-1047/jre/bin;C:\Program Files\Common Files\Oracle\Java\javapath;C:\WINDOWS\system32;C:\WINDOWS;C:\WINDOWS\System32\Wbem;C:\WINDOWS\System32\WindowsPowerShell\v1.0\;C:\WINDOWS\System32\OpenSSH\;C:\Program Files (x86)\Microsoft SQL Server\150\DTS\Binn\;C:\Program Files\Azure Data Studio\bin;C:\Program Files\Microsoft SQL Server\Client SDK\ODBC\170\Tools\Binn\;C:\Program Files (x86)\Microsoft SQL Server\150\Tools\Binn\;C:\Program Files\Microsoft SQL Server\150\Tools\Binn\;C:\Program Files\Microsoft SQL Server\150\DTS\Binn\;C:\Program Files\nodejs\;C:\Program Files\Git\cmd;C:\Program Files\Java\jdk-19\bin;C:\Users\Gaurav\AppData\Local\Microsoft\WindowsApps;C:\Users\Gaurav\AppData\Roaming\npm;C:\Program Files\JetBrains\IntelliJ IDEA Community Edition 2022.3.1\bin;C:\WINDOWS\system32;
USERNAME=Gaurav
OS=Windows_NT
PROCESSOR_IDENTIFIER=Intel64 Family 6 Model 142 Stepping 12, GenuineIntel
TMP=C:\Users\Gaurav\AppData\Local\Temp
TEMP=C:\Users\Gaurav\AppData\Local\Temp



---------------  S Y S T E M  ---------------

OS:
 Windows 11 , 64 bit Build 22621 (10.0.22621.2506)
OS uptime: 13 days 8:11 hours

CPU: total 8 (initial active 8) (4 cores per cpu, 2 threads per core) family 6 model 142 stepping 12 microcode 0xde, cx8, cmov, fxsr, ht, mmx, 3dnowpref, sse, sse2, sse3, ssse3, sse4.1, sse4.2, popcnt, lzcnt, tsc, tscinvbit, avx, avx2, aes, erms, clmul, bmi1, bmi2, adx, fma, vzeroupper, clflush, clflushopt, rdtscp

Memory: 4k page, system-wide physical 7977M (553M free)
TotalPageFile size 32553M (AvailPageFile size 5M)
current process WorkingSet (physical memory assigned to process): 95M, peak: 96M
current process commit charge ("private bytes"): 236M, peak: 237M

vm_info: Java HotSpot(TM) 64-Bit Server VM (19.0.2+7-44) for windows-amd64 JRE (19.0.2+7-44), built on 2022-11-30T18:02:09Z by "mach5one" with MS VC++ 17.1 (VS2022)

END.
